{
  "address": "Valkenstraat 22",
  "postcode": "7523ws",
  "place": "enschede",
  "neighbourhood": "Mekkelholt, Enschede",
  "price": "165000",
  "photo": "https://cloud.funda.nl/valentina_media/139/471/539_1440x960.jpg",
  "aangeboden": "30 januari 2021",
  "aantal_kamers": "4 kamers (3 slaapkamers)",
  "year": "1961",
  "url": "https://www.funda.nl/koop/enschede/huis-41287206-valkenstraat-22/"
}
{
  "address": "Noordhoek Hegtstraat 46",
  "postcode": "7521ge",
  "place": "enschede",
  "neighbourhood": "Tubantia-Toekomst, Enschede",
  "price": "169500",
  "photo": null,
  "aangeboden": "20 januari 2021",
  "aantal_kamers": "€ 169.500 kosten koper",
  "year": "1940",
  "url": "https://www.funda.nl/koop/enschede/huis-87631590-noordhoek-hegtstraat-46/"
}
{
  "address": "Hezingenbrink 6",
  "postcode": "7544he",
  "place": "enschede",
  "neighbourhood": "Wesselerbrink Noord-Oost, Enschede",
  "price": "150000",
  "photo": "https://cloud.funda.nl/valentina_media/136/368/065_1440x960.jpg",
  "aangeboden": "2 maanden",
  "aantal_kamers": "6 kamers (4 slaapkamers)",
  "year": "1967",
  "url": "https://www.funda.nl/koop/enschede/huis-41197604-hezingenbrink-6/"
}
{
  "address": "Hasselobrink 7",
  "postcode": "7544ga",
  "place": "enschede",
  "neighbourhood": "Wesselerbrink Noord-Oost, Enschede",
  "price": "175000",
  "photo": "https://cloud.funda.nl/valentina_media/138/851/893_1440x960.jpg",
  "aangeboden": "2 weken",
  "aantal_kamers": "5 kamers (4 slaapkamers)",
  "year": "1967",
  "url": "https://www.funda.nl/koop/enschede/huis-41260707-hasselobrink-7/"
}
{
  "address": "Genèvestraat 52",
  "postcode": "7543zm",
  "place": "enschede",
  "neighbourhood": "Boswinkel-De Braker, Enschede",
  "price": "175000",
  "photo": "https://cloud.funda.nl/valentina_media/138/545/018_1440x960.jpg",
  "aangeboden": "3 weken",
  "aantal_kamers": "4 kamers (3 slaapkamers)",
  "year": "1961",
  "url": "https://www.funda.nl/koop/enschede/huis-41251420-genevestraat-52/"
}
{
  "address": "Emmastraat 260",
  "postcode": "7513bj",
  "place": "enschede",
  "neighbourhood": "Horstlanden-Stadsweide, Enschede",
  "price": "150000",
  "photo": "https://cloud.funda.nl/valentina_media/138/138/944_1440x960.jpg",
  "aangeboden": "6 weken",
  "aantal_kamers": "5 kamers (3 slaapkamers)",
  "year": "vo",
  "url": "https://www.funda.nl/koop/enschede/huis-41148247-emmastraat-260/"
}
{
  "address": "Hanenberglanden 494",
  "postcode": "7542ep",
  "place": "enschede",
  "neighbourhood": "Stroinkslanden-Zuid, Enschede",
  "price": "165000",
  "photo": "https://cloud.funda.nl/valentina_media/138/611/704_1440x960.jpg",
  "aangeboden": "3 weken",
  "aantal_kamers": "5 kamers (3 slaapkamers)",
  "year": "1976",
  "url": "https://www.funda.nl/koop/enschede/huis-41253514-hanenberglanden-494/"
}
{
  "address": "Dr. Van der Zandestraat 20",
  "postcode": "7545ek",
  "place": "enschede",
  "neighbourhood": "Stevenfenne, Enschede",
  "price": "175000",
  "photo": "https://cloud.funda.nl/valentina_media/138/897/395_1440x960.jpg",
  "aangeboden": "2 weken",
  "aantal_kamers": "4 kamers (3 slaapkamers)",
  "year": "1954",
  "url": "https://www.funda.nl/koop/enschede/huis-41261287-dr-van-der-zandestraat-20/"
}
{
  "address": "Jupiterstraat 124",
  "postcode": "7521jp",
  "place": "enschede",
  "neighbourhood": "Twekkelerveld, Enschede",
  "price": "169000",
  "photo": "https://cloud.funda.nl/valentina_media/139/294/318_1440x960.jpg",
  "aangeboden": "26 januari 2021",
  "aantal_kamers": "5 kamers (3 slaapkamers)",
  "year": "1935",
  "url": "https://www.funda.nl/koop/enschede/huis-41272393-jupiterstraat-124/"
}
{
  "address": "Oosterstraat 189",
  "postcode": "7531tj",
  "place": "enschede",
  "neighbourhood": "Park Stokhorst, Enschede",
  "price": "175000",
  "photo": "https://cloud.funda.nl/valentina_media/139/236/784_1440x960.jpg",
  "aangeboden": "27 januari 2021",
  "aantal_kamers": "5 kamers (3 slaapkamers)",
  "year": "1962",
  "url": "https://www.funda.nl/koop/enschede/huis-41271631-oosterstraat-189/"
}
{
  "address": "Noordhoek Hegtstraat 51",
  "postcode": "7521gc",
  "place": "enschede",
  "neighbourhood": "Tubantia-Toekomst, Enschede",
  "price": "165000",
  "photo": "https://cloud.funda.nl/valentina_media/139/414/391_1440x960.jpg",
  "aangeboden": "30 januari 2021",
  "aantal_kamers": "3 kamers (2 slaapkamers)",
  "year": "1939",
  "url": "https://www.funda.nl/koop/enschede/huis-41286400-noordhoek-hegtstraat-51/"
}
{
  "address": "Hezingenbrink 27",
  "postcode": "7544hg",
  "place": "enschede",
  "neighbourhood": "Wesselerbrink Noord-Oost, Enschede",
  "price": "175000",
  "photo": "https://cloud.funda.nl/valentina_media/139/364/617_1440x960.jpg",
  "aangeboden": "30 januari 2021",
  "aantal_kamers": "5 kamers (3 slaapkamers)",
  "year": "1967",
  "url": "https://www.funda.nl/koop/enschede/huis-41274160-hezingenbrink-27/"
}
